Finding features...
Features in image #1: 4713
Features in image #2: 4431
Features in image #3: 4707
Features in image #4: 4930
Features in image #5: 4594
Features in image #6: 4649
Features in image #7: 4676
Features in image #8: 4546
Features in image #9: 4771
Features in image #10: 4845
Features in image #11: 4647
Features in image #12: 4429
Features in image #13: 4452
Features in image #14: 4110
Features in image #15: 4088
Features in image #16: 3983
Features in image #17: 3994
Features in image #18: 4041
Features in image #19: 3839
Features in image #20: 3688
Features in image #21: 3079
Features in image #22: 2055
Features in image #23: 1315
Features in image #24: 1590
Features in image #25: 2466
Features in image #26: 3024
Finding features, time: 37.7434 sec
Pairwise matchingPairwise matching, time: 78.132 sec
Initial camera intrinsics #1:
K:
[1, 0, 0;
 0, 1, 0;
 0, 0, 1]
R:
[1.0696254, -0.022567578, 1400.8965;
 0.022567578, 1.0696254, -5.1259923;
 0, 0, 1]
Initial camera intrinsics #2:
K:
[1, 0, 0;
 0, 1, 0;
 0, 0, 1]
R:
[1.0417547, -0.023796413, 1235.832;
 0.023796413, 1.0417547, -2.2294915;
 0, 0, 1]
Initial camera intrinsics #3:
K:
[1, 0, 0;
 0, 1, 0;
 0, 0, 1]
R:
[1.0510374, -0.015709253, 1076.6925;
 0.015709253, 1.0510374, -12.336666;
 0, 0, 1]
Initial camera intrinsics #4:
K:
[1, 0, 0;
 0, 1, 0;
 0, 0, 1]
R:
[1.0285053, -0.0149135, 934.68591;
 0.0149135, 1.0285053, -3.4920545;
 0, 0, 1]
Initial camera intrinsics #5:
K:
[1, 0, 0;
 0, 1, 0;
 0, 0, 1]
R:
[1.048048, -0.00093800883, 763.63409;
 0.00093800883, 1.048048, -11.702186;
 0, 0, 1]
Initial camera intrinsics #6:
K:
[1, 0, 0;
 0, 1, 0;
 0, 0, 1]
R:
[1.0663974, -0.0022390196, 591.55981;
 0.0022390196, 1.0663974, -19.875448;
 0, 0, 1]
Initial camera intrinsics #7:
K:
[1, 0, 0;
 0, 1, 0;
 0, 0, 1]
R:
[1.0624069, -0.0027726556, 455.81317;
 0.0027726556, 1.0624069, -17.54517;
 0, 0, 1]
Initial camera intrinsics #8:
K:
[1, 0, 0;
 0, 1, 0;
 0, 0, 1]
R:
[1.0096418, -0.011592038, 307.16296;
 0.011592038, 1.0096418, -10.208535;
 0, 0, 1]
Initial camera intrinsics #9:
K:
[1, 0, 0;
 0, 1, 0;
 0, 0, 1]
R:
[1.0189453, -0.0042717019, 138.75162;
 0.0042717019, 1.0189453, -11.007071;
 0, 0, 1]
Initial camera intrinsics #10:
K:
[1, 0, 0;
 0, 1, 0;
 0, 0, 1]
R:
[1, 0, 0;
 0, 1, 0;
 0, 0, 1]
Initial camera intrinsics #11:
K:
[1, 0, 0;
 0, 1, 0;
 0, 0, 1]
R:
[0.98940456, -0.0018660345, -103.51122;
 0.0018660345, 0.98940456, 6.1318884;
 0, 0, 1]
Initial camera intrinsics #12:
K:
[1, 0, 0;
 0, 1, 0;
 0, 0, 1]
R:
[1.0049075, -0.01182855, -242.24352;
 0.01182855, 1.0049075, -24.148273;
 0, 0, 1]
Initial camera intrinsics #13:
K:
[1, 0, 0;
 0, 1, 0;
 0, 0, 1]
R:
[1.0218167, -0.0021411299, -369.62253;
 0.0021411299, 1.0218167, -29.420918;
 0, 0, 1]
Initial camera intrinsics #14:
K:
[1, 0, 0;
 0, 1, 0;
 0, 0, 1]
R:
[1.0050421, -0.0017930666, -498.95273;
 0.0017930666, 1.0050421, -29.800453;
 0, 0, 1]
Initial camera intrinsics #15:
K:
[1, 0, 0;
 0, 1, 0;
 0, 0, 1]
R:
[1.0121925, -0.0046506883, -602.38818;
 0.0046506883, 1.0121925, -37.45525;
 0, 0, 1]
Initial camera intrinsics #17:
K:
[1, 0, 0;
 0, 1, 0;
 0, 0, 1]
R:
[1.0191723, -0.0013363318, -812.65009;
 0.0013363318, 1.0191723, -53.751339;
 0, 0, 1]
Initial camera intrinsics #18:
K:
[1, 0, 0;
 0, 1, 0;
 0, 0, 1]
R:
[0.98170042, 0.004242457, -915.30963;
 -0.004242457, 0.98170042, -36.619133;
 0, 0, 1]
Initial camera intrinsics #19:
K:
[1, 0, 0;
 0, 1, 0;
 0, 0, 1]
R:
[0.96372986, 0.015204325, -998.6983;
 -0.015204325, 0.96372986, -24.633104;
 0, 0, 1]
Initial camera intrinsics #20:
K:
[1, 0, 0;
 0, 1, 0;
 0, 0, 1]
R:
[0.95286155, -0.0027212868, -1069.276;
 0.0027212868, 0.95286155, -23.159378;
 0, 0, 1]
Initial camera intrinsics #22:
K:
[1, 0, 0;
 0, 1, 0;
 0, 0, 1]
R:
[1.0024248, 0.012475173, -1358.7874;
 -0.012475173, 1.0024248, -47.989407;
 0, 0, 1]
Camera parameters adjusting failed.
